\BOOKMARK [0][-]{chapter.1}{Rapport de soutenance final}{}% 1
\BOOKMARK [0][-]{chapter.2}{Un groupe}{}% 2
\BOOKMARK [1][-]{section.2.1}{Youcef El Kamel}{chapter.2}% 3
\BOOKMARK [1][-]{section.2.2}{William De Michiel}{chapter.2}% 4
\BOOKMARK [1][-]{section.2.3}{Salah Aldemaskil}{chapter.2}% 5
\BOOKMARK [1][-]{section.2.4}{Chahine Mouhamad}{chapter.2}% 6
\BOOKMARK [0][-]{chapter.3}{Outils utiliser}{}% 7
\BOOKMARK [1][-]{section.3.1}{Fedora}{chapter.3}% 8
\BOOKMARK [1][-]{section.3.2}{Ocaml}{chapter.3}% 9
\BOOKMARK [1][-]{section.3.3}{le langage C}{chapter.3}% 10
\BOOKMARK [1][-]{section.3.4}{ HTLM5/CSS}{chapter.3}% 11
\BOOKMARK [1][-]{section.3.5}{Simple DirectMedia Layer}{chapter.3}% 12
\BOOKMARK [1][-]{section.3.6}{GTK+}{chapter.3}% 13
\BOOKMARK [0][-]{chapter.4}{l'avancement du projet}{}% 14
\BOOKMARK [1][-]{section.4.1}{la premiere soutenance }{chapter.4}% 15
\BOOKMARK [1][-]{section.4.2}{la deuxieme soutenance}{chapter.4}% 16
\BOOKMARK [0][-]{chapter.5}{Site Web}{}% 17
\BOOKMARK [0][-]{chapter.6}{Interface}{}% 18
\BOOKMARK [1][-]{section.6.1}{La boite \340 outils}{chapter.6}% 19
\BOOKMARK [1][-]{section.6.2}{La fenetre SDL}{chapter.6}% 20
\BOOKMARK [0][-]{chapter.7}{les filtres}{}% 21
\BOOKMARK [1][-]{section.7.1}{inverser les couleurs}{chapter.7}% 22
\BOOKMARK [1][-]{section.7.2}{le floutage}{chapter.7}% 23
\BOOKMARK [1][-]{section.7.3}{le mirroir}{chapter.7}% 24
\BOOKMARK [1][-]{section.7.4}{la lumiere}{chapter.7}% 25
\BOOKMARK [1][-]{section.7.5}{le contraste}{chapter.7}% 26
\BOOKMARK [0][-]{chapter.8}{le dessin}{}% 27
\BOOKMARK [1][-]{section.8.1}{le pinceau}{chapter.8}% 28
\BOOKMARK [1][-]{section.8.2}{les lignes }{chapter.8}% 29
\BOOKMARK [1][-]{section.8.3}{les rectangles}{chapter.8}% 30
\BOOKMARK [1][-]{section.8.4}{les cercles }{chapter.8}% 31
\BOOKMARK [1][-]{section.8.5}{les polygones }{chapter.8}% 32
\BOOKMARK [1][-]{section.8.6}{les degrad\351s }{chapter.8}% 33
\BOOKMARK [1][-]{section.8.7}{Trace artistique}{chapter.8}% 34
\BOOKMARK [1][-]{section.8.8}{annulation de la derniere tache}{chapter.8}% 35
\BOOKMARK [1][-]{section.8.9}{Charger et sauvegarder l\220image}{chapter.8}% 36
\BOOKMARK [0][-]{chapter.9}{Conclusion}{}% 37
